<?xml version="1.0" encoding="UTF-8"?>
<!-- Generated by org.testng.reporters.JUnitXMLReporter -->
<testsuite ignored="1" hostname="WINDOWS-H3GU2VF" failures="0" tests="1" name="Default test" time="2.54" errors="0" timestamp="2024-05-27T17:47:59 EDT">
  <testcase classname="com.bar.restapitest.RestAPITestGET" name="testAPI" time="2.499"/>
  <testcase classname="com.bar.restapitest.RestAPITestGET" name="testWithDifferentUserIds" time="0.0">
    <ignored/>
  </testcase> <!-- testWithDifferentUserIds -->
</testsuite> <!-- Default test -->
